
Showing logs for build [32msnippetdev-experience-iberostar-mnbhd-38[0m stage [32mfrom-build-pack[0m and container [32mcredential-initializer[0m
{"level":"info","ts":1621851178.9715014,"caller":"creds-init/main.go:44","msg":"Credentials initialized."}

Showing logs for build [32msnippetdev-experience-iberostar-mnbhd-38[0m stage [32mfrom-build-pack[0m and container [32mworking-dir-initializer[0m

Showing logs for build [32msnippetdev-experience-iberostar-mnbhd-38[0m stage [32mfrom-build-pack[0m and container [32mplace-tools[0m

Showing logs for build [32msnippetdev-experience-iberostar-mnbhd-38[0m stage [32mfrom-build-pack[0m and container [32mstep-git-source-snippetdev-experience-iberostar-mnbhd-gls2f[0m
{"level":"info","ts":1621851188.4548,"caller":"git/git.go:105","msg":"Successfully cloned https://github.com/snippetdev/experience-iberostar-webinar.git @ v0.0.30 in path /workspace/source"}
{"level":"warn","ts":1621851188.454914,"caller":"git/git.go:152","msg":"Unexpected error: creating symlink: symlink /tekton/home/.ssh /root/.ssh: file exists"}
{"level":"info","ts":1621851188.4962573,"caller":"git/git.go:133","msg":"Successfully initialized and updated submodules in path /workspace/source"}

Showing logs for build [32msnippetdev-experience-iberostar-mnbhd-38[0m stage [32mfrom-build-pack[0m and container [32mstep-setup-builder-home[0m

Showing logs for build [32msnippetdev-experience-iberostar-mnbhd-38[0m stage [32mfrom-build-pack[0m and container [32mstep-git-merge[0m
Using SHAs from PULL_REFS=master:b96b20a135e9662b0416208da5e879021dac1cb8
WARNING: no SHAs to merge, falling back to initial cloned commit

Showing logs for build [32msnippetdev-experience-iberostar-mnbhd-38[0m stage [32mfrom-build-pack[0m and container [32mstep-setup-jx-git-credentials[0m
Generated Git credentials file /workspace/xdg_config/git/credentials

Showing logs for build [32msnippetdev-experience-iberostar-mnbhd-38[0m stage [32mfrom-build-pack[0m and container [32mstep-build-nodejs[0m
npm WARN deprecated gulp-util@3.0.8: gulp-util is deprecated - replace it, following the guidelines at https://medium.com/gulpjs/gulp-util-ca3b1f9f9ac5
npm WARN deprecated gulp-util@2.2.20: gulp-util is deprecated - replace it, following the guidelines at https://medium.com/gulpjs/gulp-util-ca3b1f9f9ac5
npm WARN deprecated graceful-fs@2.0.3: please upgrade to graceful-fs 4 for compatibility with current and future versions of Node.js
npm WARN deprecated request@2.88.2: request has been deprecated, see https://github.com/request/request/issues/3142
npm WARN deprecated har-validator@5.1.5: this library is no longer supported
npm WARN deprecated natives@1.1.6: This module relies on Node.js's internals and will break at some point. Do not use it, and update to graceful-fs@4.x.
npm WARN deprecated minimatch@2.0.10: Please update to minimatch 3.0.2 or higher to avoid a RegExp DoS issue
npm WARN deprecated minimatch@0.2.14: Please update to minimatch 3.0.2 or higher to avoid a RegExp DoS issue
npm WARN deprecated resolve-url@0.2.1: https://github.com/lydell/resolve-url#deprecated
npm WARN deprecated urix@0.1.0: Please see https://github.com/lydell/urix#deprecated
npm WARN deprecated graceful-fs@1.2.3: please upgrade to graceful-fs 4 for compatibility with current and future versions of Node.js
npm notice created a lockfile as package-lock.json. You should commit this file.
npm WARN your-project@1.0.0 No license field.

added 558 packages from 311 contributors and audited 559 packages in 17.699s
found 10 vulnerabilities (3 low, 7 high)
  run `npm audit fix` to fix them, or `npm audit` for details
npm WARN deprecated urix@0.1.0: Please see https://github.com/lydell/urix#deprecated
npm WARN deprecated resolve-url@0.2.1: https://github.com/lydell/resolve-url#deprecated
/usr/local/bin/gulp -> /usr/local/lib/node_modules/gulp-cli/bin/gulp.js
+ gulp-cli@2.3.0
added 252 packages from 165 contributors in 9.266s
npm WARN deprecated resolve-url@0.2.1: https://github.com/lydell/resolve-url#deprecated
npm WARN deprecated urix@0.1.0: Please see https://github.com/lydell/urix#deprecated
npm WARN deprecated minimatch@2.0.10: Please update to minimatch 3.0.2 or higher to avoid a RegExp DoS issue
npm WARN deprecated minimatch@0.2.14: Please update to minimatch 3.0.2 or higher to avoid a RegExp DoS issue
npm WARN deprecated graceful-fs@1.2.3: please upgrade to graceful-fs 4 for compatibility with current and future versions of Node.js
npm WARN deprecated natives@1.1.6: This module relies on Node.js's internals and will break at some point. Do not use it, and update to graceful-fs@4.x.
npm WARN your-project@1.0.0 No license field.

+ gulp@3.9.1
updated 1 package and audited 559 packages in 7.75s
found 10 vulnerabilities (3 low, 7 high)
  run `npm audit fix` to fix them, or `npm audit` for details
[10:13:47] Using gulpfile /workspace/source/gulpfile.js
[10:13:47] Starting 'clean-styles'...
[10:13:47] Starting 'css_lib'...
[10:13:47] Starting 'template-cache'...
[10:13:47] Starting 'minify_lib'...
[10:13:47] Finished 'template-cache' after 22 ms
[10:13:47] Starting 'minify'...
[10:13:47] Finished 'clean-styles' after 69 ms
[10:13:47] Starting 'compass'...
[10:13:47] Finished 'compass' after 3.22 ms
[10:13:47] gulp-notify: [<nombreModuloApp>] Commpass compile error
[10:13:47] gulp-notify: [Error running notifier] Could not send message: not found: notify-send
[10:13:47] Finished 'css_lib' after 83 ms
[10:13:47] gulp-notify: [Gulp notification] Finished minification!!
[10:13:47] gulp-notify: [Error in notifier] Error in plugin 'gulp-notify'
Message:
    notify-send must be installed on the system.
[10:13:47] Finished 'minify' after 75 ms
[10:13:53] Finished 'minify_lib' after 5.35 s
[10:13:53] Starting 'default'...
[10:13:53] Finished 'default' after 82 μs

Showing logs for build [32msnippetdev-experience-iberostar-mnbhd-38[0m stage [32mfrom-build-pack[0m and container [32mstep-build-step-copy-experience[0m
experience-iberostar-webinar

Showing logs for build [32msnippetdev-experience-iberostar-mnbhd-38[0m stage [32mfrom-build-pack[0m and container [32mstep-build-step-copy-front-nginx-sites-enabled[0m
